<?xml version="1.0" encoding="UTF-8"?>
<TestRun id="c3d7fcc9-596a-4981-a8d2-c19c31f4263a" name="Adam@ADAM-PC 2009-09-19 01:13:19" runUser="Adam-PC\Adam" xmlns="http://microsoft.com/schemas/VisualStudio/TeamTest/2010">
  <TestSettings name="Default Test Settings" id="516a096b-fbe2-4da3-8a9e-e9e9c186509a">
    <Deployment runDeploymentRoot="Adam_ADAM-PC 2009-09-19 01_13_19">
      <DeploymentItem filename="C:\Users\Adam\Documents\Visual Studio 10\Projects\WoWAddons\ExternalSiteUtils\bin\Debug\ExternalSiteUtils.dll" />
    </Deployment>
    <Execution>
      <TestTypeSpecific />
      <AgentRule name="Execution Agents">
      </AgentRule>
    </Execution>
  </TestSettings>
  <Times creation="2009-09-19T01:13:19.7031648-04:00" queuing="2009-09-19T01:13:22.5058992-04:00" start="2009-09-19T01:13:23.0527742-04:00" finish="2009-09-19T01:13:29.4863680-04:00" />
  <ResultSummary outcome="Completed">
    <Counters total="2" executed="2" passed="2" error="0" failed="0" timeout="0" aborted="0" inconclusive="0" passedButRunAborted="0" notRunnable="0" notExecuted="0" disconnected="0" warning="0" completed="0" inProgress="0" pending="0" />
  </ResultSummary>
  <TestDefinitions>
    <UnitTest name="AllItemProperties" storage="c:\users\adam\documents\visual studio 10\projects\wowaddons\testexternalsiteutils\bin\debug\testexternalsiteutils.dll" id="eee0be31-cef4-e28d-856d-6eaa1a75152d">
      <Execution id="699da2b0-fad6-440a-805d-4951e0e23743" />
      <TestMethod codeBase="C:/Users/Adam/Documents/Visual Studio 10/Projects/WoWAddons/TestExternalSiteUtils/bin/Debug/TestExternalSiteUtils.DLL" adapterTypeName="Microsoft.VisualStudio.TestTools.TestTypes.Unit.UnitTestAdapter, Microsoft.VisualStudio.QualityTools.Tips.UnitTest.Adapter, Version=10.0.0.0, Culture=neutral, PublicKeyToken=b03f5f7f11d50a3a" className="TestExternalSiteUtils.WowheadItemProps, TestExternalSiteUtils, Version=1.0.0.0, Culture=neutral, PublicKeyToken=null" name="AllItemProperties" />
    </UnitTest>
    <UnitTest name="CharacterItemList" storage="c:\users\adam\documents\visual studio 10\projects\wowaddons\testexternalsiteutils\bin\debug\testexternalsiteutils.dll" id="989d8f0c-6bcd-e514-59c8-99fd7b986416">
      <Execution id="bda5a480-ede6-4ad9-93b5-eb064532a5ae" />
      <TestMethod codeBase="C:/Users/Adam/Documents/Visual Studio 10/Projects/WoWAddons/TestExternalSiteUtils/bin/Debug/TestExternalSiteUtils.DLL" adapterTypeName="Microsoft.VisualStudio.TestTools.TestTypes.Unit.UnitTestAdapter, Microsoft.VisualStudio.QualityTools.Tips.UnitTest.Adapter, Version=10.0.0.0, Culture=neutral, PublicKeyToken=b03f5f7f11d50a3a" className="TestExternalSiteUtils.WowheadItemProps, TestExternalSiteUtils, Version=1.0.0.0, Culture=neutral, PublicKeyToken=null" name="CharacterItemList" />
    </UnitTest>
  </TestDefinitions>
  <TestLists>
    <TestList name="Results Not in a List" id="8c84fa94-04c1-424b-9868-57a2d4851a1d" />
    <TestList name="All Loaded Results" id="19431567-8539-422a-85d7-44ee4e166bda" />
  </TestLists>
  <TestEntries>
    <TestEntry testId="eee0be31-cef4-e28d-856d-6eaa1a75152d" executionId="699da2b0-fad6-440a-805d-4951e0e23743" testListId="8c84fa94-04c1-424b-9868-57a2d4851a1d" />
    <TestEntry testId="989d8f0c-6bcd-e514-59c8-99fd7b986416" executionId="bda5a480-ede6-4ad9-93b5-eb064532a5ae" testListId="8c84fa94-04c1-424b-9868-57a2d4851a1d" />
  </TestEntries>
  <Results>
    <UnitTestResult executionId="699da2b0-fad6-440a-805d-4951e0e23743" testId="eee0be31-cef4-e28d-856d-6eaa1a75152d" testName="AllItemProperties" computerName="ADAM-PC" duration="00:00:00.9531513" startTime="2009-09-19T01:13:23.2461336-04:00" endTime="2009-09-19T01:13:24.9404695-04:00" testType="13cdc9d9-ddb5-4fa4-a97d-d965ccfc6d4b" outcome="Passed" testListId="8c84fa94-04c1-424b-9868-57a2d4851a1d" relativeResultsDirectory="699da2b0-fad6-440a-805d-4951e0e23743">
    </UnitTestResult>
    <UnitTestResult executionId="bda5a480-ede6-4ad9-93b5-eb064532a5ae" testId="989d8f0c-6bcd-e514-59c8-99fd7b986416" testName="CharacterItemList" computerName="ADAM-PC" duration="00:00:04.2288899" startTime="2009-09-19T01:13:24.9922273-04:00" endTime="2009-09-19T01:13:29.2324617-04:00" testType="13cdc9d9-ddb5-4fa4-a97d-d965ccfc6d4b" outcome="Passed" testListId="8c84fa94-04c1-424b-9868-57a2d4851a1d" relativeResultsDirectory="bda5a480-ede6-4ad9-93b5-eb064532a5ae">
    </UnitTestResult>
  </Results>
</TestRun>